
*** Running vivado
    with args -log top.vds -m64 -product Vivado -mode batch -messageDb vivado.pb -notrace -source top.tcl


****** Vivado v2025.2 (64-bit)
  **** SW Build 6299465 on Fri Nov 14 12:34:56 MST 2025
  **** IP Build 6300035 on Fri Nov 14 10:48:45 MST 2025
  **** SharedData Build 6298862 on Thu Nov 13 04:50:51 MST 2025
  **** Start of session at: Thu May  7 20:40:29 2026
    ** Copyright 1986-2022 Xilinx, Inc. All Rights Reserved.
    ** Copyright 2022-2025 Advanced Micro Devices, Inc. All Rights Reserved.

source top.tcl -notrace
Command: read_checkpoint -auto_incremental -incremental /home/user/ov7670_vga_system/ov7670_vga_system.srcs/utils_1/imports/synth_1/top.dcp
INFO: [Vivado 12-5825] Read reference checkpoint from /home/user/ov7670_vga_system/ov7670_vga_system.srcs/utils_1/imports/synth_1/top.dcp for incremental synthesis
INFO: [Vivado 12-7989] Please ensure there are no constraint changes
Command: synth_design -top top -part xc7a35tcpg236-1
Starting synth_design
Attempting to get a license for feature 'Synthesis' and/or device 'xc7a35t'
INFO: [Common 17-349] Got license for feature 'Synthesis' and/or device 'xc7a35t'
INFO: [Device 21-403] Loading part xc7a35tcpg236-1
INFO: [Designutils 20-5440] No compile time benefit to using incremental synthesis; A full resynthesis will be run
INFO: [Designutils 20-4379] Flow is switching to default flow due to incremental criteria not met. If you would like to alter this behaviour and have the flow terminate instead, please set the following parameter config_implementation {autoIncr.Synth.RejectBehavior Terminate}
INFO: [Synth 8-7079] Multithreading enabled for synth_design using a maximum of 7 processes.
INFO: [Synth 8-7078] Launching helper process for spawning children vivado processes
INFO: [Synth 8-7075] Helper process launched with PID 50774
---------------------------------------------------------------------------------
Starting RTL Elaboration : Time (s): cpu = 00:00:04 ; elapsed = 00:00:04 . Memory (MB): peak = 2745.582 ; gain = 483.207 ; free physical = 748 ; free virtual = 2891
---------------------------------------------------------------------------------
CRITICAL WARNING: [Synth 8-9873] overwriting previous definition of module 'filter_engine' [/home/user/ov7670_vga_system/hdl_sources/filter_engine.v:77]
INFO: [Synth 8-13127] previous definition of module 'filter_engine' is here [/home/user/hw-lab-final-project-2/src/filter_engine.v:77]
INFO: [Synth 8-6157] synthesizing module 'top' [/home/user/ov7670_vga_system/hdl_sources/top.v:29]
INFO: [Synth 8-6157] synthesizing module 'clk_wiz_0' [/home/user/ov7670_vga_system/ov7670_vga_system.runs/synth_1/.Xil/Vivado-50657-docker-desktop/realtime/clk_wiz_0_stub.v:6]
INFO: [Synth 8-6155] done synthesizing module 'clk_wiz_0' (0#1) [/home/user/ov7670_vga_system/ov7670_vga_system.runs/synth_1/.Xil/Vivado-50657-docker-desktop/realtime/clk_wiz_0_stub.v:6]
INFO: [Synth 8-6157] synthesizing module 'ODDR' [/home/user/Xilinx/2025.2/Vivado/scripts/rt/data/unisim_comp.v:117225]
	Parameter DDR_CLK_EDGE bound to: OPPOSITE_EDGE - type: string 
	Parameter INIT bound to: 1'b0 
	Parameter SRTYPE bound to: SYNC - type: string 
INFO: [Synth 8-6155] done synthesizing module 'ODDR' (0#1) [/home/user/Xilinx/2025.2/Vivado/scripts/rt/data/unisim_comp.v:117225]
INFO: [Synth 8-6157] synthesizing module 'sccb_master' [/home/user/ov7670_vga_system/hdl_sources/sccb_master.v:37]
	Parameter CLK_FREQ bound to: 100000000 - type: integer 
	Parameter SCCB_FREQ bound to: 100000 - type: integer 
INFO: [Synth 8-6155] done synthesizing module 'sccb_master' (0#1) [/home/user/ov7670_vga_system/hdl_sources/sccb_master.v:37]
INFO: [Synth 8-6157] synthesizing module 'ov7670_config' [/home/user/ov7670_vga_system/hdl_sources/ov7670_config.v:15]
INFO: [Synth 8-226] default block is never used [/home/user/ov7670_vga_system/hdl_sources/ov7670_config.v:209]
INFO: [Synth 8-6155] done synthesizing module 'ov7670_config' (0#1) [/home/user/ov7670_vga_system/hdl_sources/ov7670_config.v:15]
INFO: [Synth 8-6157] synthesizing module 'ov7670_capture' [/home/user/ov7670_vga_system/hdl_sources/ov7670_capture.v:6]
INFO: [Synth 8-6155] done synthesizing module 'ov7670_capture' (0#1) [/home/user/ov7670_vga_system/hdl_sources/ov7670_capture.v:6]
INFO: [Synth 8-6157] synthesizing module 'frame_buffer' [/home/user/ov7670_vga_system/hdl_sources/frame_buffer.v:23]
INFO: [Synth 8-6157] synthesizing module 'blk_mem_gen_0' [/home/user/ov7670_vga_system/ov7670_vga_system.runs/synth_1/.Xil/Vivado-50657-docker-desktop/realtime/blk_mem_gen_0_stub.v:6]
INFO: [Synth 8-6155] done synthesizing module 'blk_mem_gen_0' (0#1) [/home/user/ov7670_vga_system/ov7670_vga_system.runs/synth_1/.Xil/Vivado-50657-docker-desktop/realtime/blk_mem_gen_0_stub.v:6]
INFO: [Synth 8-6155] done synthesizing module 'frame_buffer' (0#1) [/home/user/ov7670_vga_system/hdl_sources/frame_buffer.v:23]
INFO: [Synth 8-6157] synthesizing module 'vga_controller' [/home/user/ov7670_vga_system/hdl_sources/vga_controller.v:31]
INFO: [Synth 8-6155] done synthesizing module 'vga_controller' (0#1) [/home/user/ov7670_vga_system/hdl_sources/vga_controller.v:31]
INFO: [Synth 8-6157] synthesizing module 'display_scaler' [/home/user/ov7670_vga_system/hdl_sources/display_scaler.v:45]
INFO: [Synth 8-6157] synthesizing module 'filter_engine' [/home/user/ov7670_vga_system/hdl_sources/filter_engine.v:20]
INFO: [Synth 8-226] default block is never used [/home/user/ov7670_vga_system/hdl_sources/filter_engine.v:60]
INFO: [Synth 8-6155] done synthesizing module 'filter_engine' (0#1) [/home/user/ov7670_vga_system/hdl_sources/filter_engine.v:20]
INFO: [Synth 8-6155] done synthesizing module 'display_scaler' (0#1) [/home/user/ov7670_vga_system/hdl_sources/display_scaler.v:45]
WARNING: [Synth 8-689] width (16) of port connection 'sw' does not match port width (2) of module 'display_scaler' [/home/user/ov7670_vga_system/hdl_sources/top.v:270]
INFO: [Synth 8-6155] done synthesizing module 'top' (0#1) [/home/user/ov7670_vga_system/hdl_sources/top.v:29]
WARNING: [Synth 8-6014] Unused sequential element btnu_prev_reg was removed.  [/home/user/ov7670_vga_system/hdl_sources/top.v:193]
WARNING: [Synth 8-6014] Unused sequential element byte_swap_reg_reg was removed.  [/home/user/ov7670_vga_system/hdl_sources/top.v:195]
WARNING: [Synth 8-3917] design top has port cam_pwdn driven by constant 0
WARNING: [Synth 8-3917] design top has port cam_rst_n driven by constant 1
WARNING: [Synth 8-3917] design top has port led[2] driven by constant 0
WARNING: [Synth 8-3917] design top has port led[1] driven by constant 0
WARNING: [Synth 8-3917] design top has port led[0] driven by constant 0
WARNING: [Synth 8-7129] Port hcount[0] in module display_scaler is either unconnected or has no load
WARNING: [Synth 8-7129] Port vcount[9] in module display_scaler is either unconnected or has no load
WARNING: [Synth 8-7129] Port vcount[0] in module display_scaler is either unconnected or has no load
WARNING: [Synth 8-7129] Port sw[15] in module ov7670_config is either unconnected or has no load
WARNING: [Synth 8-7129] Port sw[8] in module ov7670_config is either unconnected or has no load
WARNING: [Synth 8-7129] Port sw[7] in module ov7670_config is either unconnected or has no load
WARNING: [Synth 8-7129] Port sw[6] in module ov7670_config is either unconnected or has no load
WARNING: [Synth 8-7129] Port sw[5] in module ov7670_config is either unconnected or has no load
WARNING: [Synth 8-7129] Port sw[4] in module ov7670_config is either unconnected or has no load
WARNING: [Synth 8-7129] Port sw[3] in module ov7670_config is either unconnected or has no load
WARNING: [Synth 8-7129] Port sw[2] in module ov7670_config is either unconnected or has no load
WARNING: [Synth 8-7129] Port sw[1] in module ov7670_config is either unconnected or has no load
WARNING: [Synth 8-7129] Port sw[0] in module ov7670_config is either unconnected or has no load
WARNING: [Synth 8-7129] Port btnu in module top is either unconnected or has no load
---------------------------------------------------------------------------------
Finished RTL Elaboration : Time (s): cpu = 00:00:06 ; elapsed = 00:00:06 . Memory (MB): peak = 2841.965 ; gain = 579.590 ; free physical = 573 ; free virtual = 2755
---------------------------------------------------------------------------------
---------------------------------------------------------------------------------
Start Handling Custom Attributes
---------------------------------------------------------------------------------
---------------------------------------------------------------------------------
Finished Handling Custom Attributes : Time (s): cpu = 00:00:06 ; elapsed = 00:00:06 . Memory (MB): peak = 2854.066 ; gain = 591.691 ; free physical = 565 ; free virtual = 2747
---------------------------------------------------------------------------------
---------------------------------------------------------------------------------
Finished RTL Optimization Phase 1 : Time (s): cpu = 00:00:06 ; elapsed = 00:00:06 . Memory (MB): peak = 2854.066 ; gain = 591.691 ; free physical = 565 ; free virtual = 2747
---------------------------------------------------------------------------------
Netlist sorting complete. Time (s): cpu = 00:00:00.02 ; elapsed = 00:00:00.02 . Memory (MB): peak = 2860.898 ; gain = 0.074 ; free physical = 560 ; free virtual = 2743
INFO: [Netlist 29-17] Analyzing 1 Unisim elements for replacement
INFO: [Netlist 29-28] Unisim Transformation completed in 0 CPU seconds
INFO: [Project 1-570] Preparing netlist for logic optimization

Processing XDC Constraints
Initializing timing engine
Parsing XDC File [/home/user/ov7670_vga_system/ov7670_vga_system.gen/sources_1/ip/clk_wiz_0/clk_wiz_0/clk_wiz_0_in_context.xdc] for cell 'u_clk_wiz'
Finished Parsing XDC File [/home/user/ov7670_vga_system/ov7670_vga_system.gen/sources_1/ip/clk_wiz_0/clk_wiz_0/clk_wiz_0_in_context.xdc] for cell 'u_clk_wiz'
Parsing XDC File [/home/user/ov7670_vga_system/ov7670_vga_system.gen/sources_1/ip/blk_mem_gen_0/blk_mem_gen_0/blk_mem_gen_0_in_context.xdc] for cell 'u_bram/u_bram'
Finished Parsing XDC File [/home/user/ov7670_vga_system/ov7670_vga_system.gen/sources_1/ip/blk_mem_gen_0/blk_mem_gen_0/blk_mem_gen_0_in_context.xdc] for cell 'u_bram/u_bram'
Parsing XDC File [/home/user/ov7670_vga_system/hdl_sources/constraints.xdc]
CRITICAL WARNING: [Constraints 18-1056] Clock 'sys_clk_100mhz' completely overrides clock 'clk_100mhz'.
New: create_clock -period 10.000 -name sys_clk_100mhz [get_ports clk_100mhz], [/home/user/ov7670_vga_system/hdl_sources/constraints.xdc:14]
Previous: create_clock -period 10.000 [get_ports clk_100mhz], [/home/user/ov7670_vga_system/ov7670_vga_system.gen/sources_1/ip/clk_wiz_0/clk_wiz_0/clk_wiz_0_in_context.xdc:1]
Resolution: Review the constraint files and remove the redundant clock definition(s). If the clock constraints are not saved in a file, you can first save the constraints to an XDC file and reload the design once the constraints have been corrected.
WARNING: [Vivado 12-584] No ports matched 'btnr'. [/home/user/ov7670_vga_system/hdl_sources/constraints.xdc:25]
WARNING: [Vivado 12-584] No ports matched 'btnr'. [/home/user/ov7670_vga_system/hdl_sources/constraints.xdc:26]
WARNING: [Vivado 12-627] No clocks matched 'pixel_clk'. [/home/user/ov7670_vga_system/hdl_sources/constraints.xdc:212]
INFO: [Vivado 12-626] No clocks found. Please use 'create_clock' or 'create_generated_clock' command to create clocks. [/home/user/ov7670_vga_system/hdl_sources/constraints.xdc:212]
CRITICAL WARNING: [Vivado 12-4739] set_clock_groups:No valid object(s) found for '-group [get_clocks -include_generated_clocks pixel_clk]'. [/home/user/ov7670_vga_system/hdl_sources/constraints.xdc:212]
Resolution: Check if the specified object(s) exists in the current design. If it does, ensure that the correct design hierarchy was specified for the object. If you are working with clocks, make sure create_clock was used to create the clock object before it is referenced.
CRITICAL WARNING: [Vivado 12-4739] set_clock_groups:No valid object(s) found for '-group '. [/home/user/ov7670_vga_system/hdl_sources/constraints.xdc:212]
Resolution: Check if the specified object(s) exists in the current design. If it does, ensure that the correct design hierarchy was specified for the object. If you are working with clocks, make sure create_clock was used to create the clock object before it is referenced.
Finished Parsing XDC File [/home/user/ov7670_vga_system/hdl_sources/constraints.xdc]
WARNING: [Project 1-498] One or more constraints failed evaluation while reading constraint file [/home/user/ov7670_vga_system/hdl_sources/constraints.xdc] and the design contains unresolved black boxes. These constraints will be read post-synthesis (as long as their source constraint file is marked as used_in_implementation) and should be applied correctly then. You should review the constraints listed in the file [.Xil/top_propImpl.xdc] and check the run log file to verify that these constraints were correctly applied.
INFO: [Project 1-236] Implementation specific constraints were found while reading constraint file [/home/user/ov7670_vga_system/hdl_sources/constraints.xdc]. These constraints will be ignored for synthesis but will be used in implementation. Impacted constraints are listed in the file [.Xil/top_propImpl.xdc].
Resolution: To avoid this warning, move constraints listed in [.Xil/top_propImpl.xdc] to another XDC file and exclude this new file from synthesis with the used_in_synthesis property (File Properties dialog in GUI) and re-run elaboration/synthesis.
Completed Processing XDC Constraints

Netlist sorting complete. Time (s): cpu = 00:00:00 ; elapsed = 00:00:00 . Memory (MB): peak = 2956.344 ; gain = 0.000 ; free physical = 528 ; free virtual = 2718
INFO: [Project 1-111] Unisim Transformation Summary:
No Unisim elements were transformed.

Constraint Validation Runtime : Time (s): cpu = 00:00:00.01 ; elapsed = 00:00:00.01 . Memory (MB): peak = 2958.648 ; gain = 0.000 ; free physical = 529 ; free virtual = 2718
INFO: [Designutils 20-5440] No compile time benefit to using incremental synthesis; A full resynthesis will be run
INFO: [Designutils 20-4379] Flow is switching to default flow due to incremental criteria not met. If you would like to alter this behaviour and have the flow terminate instead, please set the following parameter config_implementation {autoIncr.Synth.RejectBehavior Terminate}
---------------------------------------------------------------------------------
Finished Constraint Validation : Time (s): cpu = 00:00:12 ; elapsed = 00:00:13 . Memory (MB): peak = 2959.188 ; gain = 696.812 ; free physical = 522 ; free virtual = 2712
---------------------------------------------------------------------------------
---------------------------------------------------------------------------------
Start Loading Part and Timing Information
---------------------------------------------------------------------------------
Loading part: xc7a35tcpg236-1
---------------------------------------------------------------------------------
Finished Loading Part and Timing Information : Time (s): cpu = 00:00:12 ; elapsed = 00:00:13 . Memory (MB): peak = 2967.309 ; gain = 704.934 ; free physical = 522 ; free virtual = 2712
---------------------------------------------------------------------------------
---------------------------------------------------------------------------------
Start Applying 'set_property' XDC Constraints
---------------------------------------------------------------------------------
---------------------------------------------------------------------------------
Finished applying 'set_property' XDC Constraints : Time (s): cpu = 00:00:12 ; elapsed = 00:00:13 . Memory (MB): peak = 2967.359 ; gain = 704.984 ; free physical = 573 ; free virtual = 2764
---------------------------------------------------------------------------------
INFO: [Synth 8-802] inferred FSM for state register 'state_reg' in module 'ov7670_config'
---------------------------------------------------------------------------------------------------
                   State |                     New Encoding |                Previous Encoding 
---------------------------------------------------------------------------------------------------
            S_RESET_WAIT |                               00 |                               00
              S_START_TX |                               01 |                               01
                  S_DONE |                               10 |                               11
             S_WAIT_DONE |                               11 |                               10
---------------------------------------------------------------------------------------------------
INFO: [Synth 8-3354] encoded FSM with state register 'state_reg' using encoding 'sequential' in module 'ov7670_config'
---------------------------------------------------------------------------------
Finished RTL Optimization Phase 2 : Time (s): cpu = 00:00:13 ; elapsed = 00:00:14 . Memory (MB): peak = 2967.359 ; gain = 704.984 ; free physical = 573 ; free virtual = 2764
---------------------------------------------------------------------------------
---------------------------------------------------------------------------------
Start RTL Component Statistics 
---------------------------------------------------------------------------------
Detailed RTL Component Info : 
+---Adders : 
	   2 Input   18 Bit       Adders := 1     
	   2 Input   17 Bit       Adders := 1     
	   3 Input   17 Bit       Adders := 1     
	   2 Input   10 Bit       Adders := 4     
	   2 Input    8 Bit       Adders := 1     
	   2 Input    7 Bit       Adders := 1     
	   2 Input    4 Bit       Adders := 1     
+---XORs : 
	   2 Input      1 Bit         XORs := 1     
+---Registers : 
	               18 Bit    Registers := 1     
	               17 Bit    Registers := 2     
	               16 Bit    Registers := 1     
	               10 Bit    Registers := 4     
	                8 Bit    Registers := 5     
	                7 Bit    Registers := 1     
	                4 Bit    Registers := 7     
	                3 Bit    Registers := 1     
	                2 Bit    Registers := 1     
	                1 Bit    Registers := 22    
+---Muxes : 
	   4 Input   18 Bit        Muxes := 1     
	   2 Input   17 Bit        Muxes := 4     
	   2 Input   16 Bit        Muxes := 1     
	   4 Input   16 Bit        Muxes := 1     
	   7 Input    8 Bit        Muxes := 1     
	   2 Input    8 Bit        Muxes := 1     
	   4 Input    8 Bit        Muxes := 5     
	   4 Input    7 Bit        Muxes := 1     
	   4 Input    6 Bit        Muxes := 1     
	   7 Input    4 Bit        Muxes := 1     
	   2 Input    4 Bit        Muxes := 1     
	   4 Input    4 Bit        Muxes := 2     
	   4 Input    2 Bit        Muxes := 5     
	   2 Input    2 Bit        Muxes := 1     
	   4 Input    1 Bit        Muxes := 20    
	   2 Input    1 Bit        Muxes := 16    
	   7 Input    1 Bit        Muxes := 6     
---------------------------------------------------------------------------------
Finished RTL Component Statistics 
---------------------------------------------------------------------------------
---------------------------------------------------------------------------------
Start Part Resource Summary
---------------------------------------------------------------------------------
Part Resources:
DSPs: 90 (col length:60)
BRAMs: 100 (col length: RAMB18 60 RAMB36 30)
---------------------------------------------------------------------------------
Finished Part Resource Summary
---------------------------------------------------------------------------------
---------------------------------------------------------------------------------
Start Cross Boundary and Area Optimization
---------------------------------------------------------------------------------
WARNING: [Synth 8-3917] design top has port cam_pwdn driven by constant 0
WARNING: [Synth 8-3917] design top has port cam_rst_n driven by constant 1
WARNING: [Synth 8-3917] design top has port led[2] driven by constant 0
WARNING: [Synth 8-3917] design top has port led[1] driven by constant 0
WARNING: [Synth 8-3917] design top has port led[0] driven by constant 0
WARNING: [Synth 8-7129] Port btnu in module top is either unconnected or has no load
WARNING: [Synth 8-7129] Port sw[8] in module top is either unconnected or has no load
WARNING: [Synth 8-7129] Port sw[7] in module top is either unconnected or has no load
WARNING: [Synth 8-7129] Port sw[6] in module top is either unconnected or has no load
WARNING: [Synth 8-7129] Port sw[5] in module top is either unconnected or has no load
WARNING: [Synth 8-7129] Port sw[4] in module top is either unconnected or has no load
WARNING: [Synth 8-7129] Port sw[3] in module top is either unconnected or has no load
WARNING: [Synth 8-7129] Port sw[2] in module top is either unconnected or has no load
---------------------------------------------------------------------------------
Finished Cross Boundary and Area Optimization : Time (s): cpu = 00:00:15 ; elapsed = 00:00:16 . Memory (MB): peak = 2967.359 ; gain = 704.984 ; free physical = 546 ; free virtual = 2738
---------------------------------------------------------------------------------
---------------------------------------------------------------------------------
Start Applying XDC Timing Constraints
---------------------------------------------------------------------------------
---------------------------------------------------------------------------------
Finished Applying XDC Timing Constraints : Time (s): cpu = 00:00:21 ; elapsed = 00:00:22 . Memory (MB): peak = 2992.977 ; gain = 730.602 ; free physical = 439 ; free virtual = 2632
---------------------------------------------------------------------------------
---------------------------------------------------------------------------------
Start Timing Optimization
---------------------------------------------------------------------------------
---------------------------------------------------------------------------------
Finished Timing Optimization : Time (s): cpu = 00:00:21 ; elapsed = 00:00:23 . Memory (MB): peak = 3026.324 ; gain = 763.949 ; free physical = 409 ; free virtual = 2601
---------------------------------------------------------------------------------
---------------------------------------------------------------------------------
Start Technology Mapping
---------------------------------------------------------------------------------
---------------------------------------------------------------------------------
Finished Technology Mapping : Time (s): cpu = 00:00:22 ; elapsed = 00:00:23 . Memory (MB): peak = 3026.566 ; gain = 764.191 ; free physical = 409 ; free virtual = 2601
---------------------------------------------------------------------------------
---------------------------------------------------------------------------------
Start IO Insertion
---------------------------------------------------------------------------------
---------------------------------------------------------------------------------
Start Flattening Before IO Insertion
---------------------------------------------------------------------------------
---------------------------------------------------------------------------------
Finished Flattening Before IO Insertion
---------------------------------------------------------------------------------
---------------------------------------------------------------------------------
Start Final Netlist Cleanup
---------------------------------------------------------------------------------
---------------------------------------------------------------------------------
Finished Final Netlist Cleanup
---------------------------------------------------------------------------------
---------------------------------------------------------------------------------
Finished IO Insertion : Time (s): cpu = 00:00:24 ; elapsed = 00:00:26 . Memory (MB): peak = 3194.512 ; gain = 932.137 ; free physical = 256 ; free virtual = 2448
---------------------------------------------------------------------------------
---------------------------------------------------------------------------------
Start Renaming Generated Instances
---------------------------------------------------------------------------------
---------------------------------------------------------------------------------
Finished Renaming Generated Instances : Time (s): cpu = 00:00:24 ; elapsed = 00:00:26 . Memory (MB): peak = 3194.523 ; gain = 932.148 ; free physical = 256 ; free virtual = 2448
---------------------------------------------------------------------------------
---------------------------------------------------------------------------------
Start Rebuilding User Hierarchy
---------------------------------------------------------------------------------
---------------------------------------------------------------------------------
Finished Rebuilding User Hierarchy : Time (s): cpu = 00:00:24 ; elapsed = 00:00:26 . Memory (MB): peak = 3194.582 ; gain = 932.207 ; free physical = 256 ; free virtual = 2448
---------------------------------------------------------------------------------
---------------------------------------------------------------------------------
Start Renaming Generated Ports
---------------------------------------------------------------------------------
---------------------------------------------------------------------------------
Finished Renaming Generated Ports : Time (s): cpu = 00:00:24 ; elapsed = 00:00:26 . Memory (MB): peak = 3194.594 ; gain = 932.219 ; free physical = 256 ; free virtual = 2448
---------------------------------------------------------------------------------
---------------------------------------------------------------------------------
Start Handling Custom Attributes
---------------------------------------------------------------------------------
---------------------------------------------------------------------------------
Finished Handling Custom Attributes : Time (s): cpu = 00:00:24 ; elapsed = 00:00:26 . Memory (MB): peak = 3194.617 ; gain = 932.242 ; free physical = 256 ; free virtual = 2448
---------------------------------------------------------------------------------
---------------------------------------------------------------------------------
Start Renaming Generated Nets
---------------------------------------------------------------------------------
---------------------------------------------------------------------------------
Finished Renaming Generated Nets : Time (s): cpu = 00:00:24 ; elapsed = 00:00:26 . Memory (MB): peak = 3194.617 ; gain = 932.242 ; free physical = 256 ; free virtual = 2448
---------------------------------------------------------------------------------
---------------------------------------------------------------------------------
Start ROM, RAM, DSP, Shift Register and Retiming Reporting
---------------------------------------------------------------------------------

Static Shift Register Report:
+------------+--------------------+--------+-------+--------------+--------------------+-------------------+--------+---------+
|Module Name | RTL Name           | Length | Width | Reset Signal | Pull out first Reg | Pull out last Reg | SRL16E | SRLC32E | 
+------------+--------------------+--------+-------+--------------+--------------------+-------------------+--------+---------+
|top         | hsync_delay_reg[3] | 4      | 1     | YES          | NO                 | YES               | 1      | 0       | 
|top         | vsync_delay_reg[3] | 4      | 1     | YES          | NO                 | YES               | 1      | 0       | 
+------------+--------------------+--------+-------+--------------+--------------------+-------------------+--------+---------+

---------------------------------------------------------------------------------
Finished ROM, RAM, DSP, Shift Register and Retiming Reporting
---------------------------------------------------------------------------------
---------------------------------------------------------------------------------
Start Writing Synthesis Report
---------------------------------------------------------------------------------

Report BlackBoxes: 
+------+--------------+----------+
|      |BlackBox name |Instances |
+------+--------------+----------+
|1     |clk_wiz_0     |         1|
|2     |blk_mem_gen_0 |         1|
+------+--------------+----------+

Report Cell Usage: 
+------+------------+------+
|      |Cell        |Count |
+------+------------+------+
|1     |blk_mem_gen |     1|
|2     |clk_wiz     |     1|
|3     |BUFG        |     1|
|4     |CARRY4      |    36|
|5     |LUT1        |    12|
|6     |LUT2        |    70|
|7     |LUT3        |    53|
|8     |LUT4        |    59|
|9     |LUT5        |    37|
|10    |LUT6        |   111|
|11    |MUXF7       |     5|
|12    |ODDR        |     1|
|13    |SRL16E      |     2|
|14    |FDRE        |   204|
|15    |FDSE        |    10|
|16    |IBUF        |    21|
|17    |OBUF        |    21|
|18    |OBUFT       |     1|
+------+------------+------+
---------------------------------------------------------------------------------
Finished Writing Synthesis Report : Time (s): cpu = 00:00:24 ; elapsed = 00:00:26 . Memory (MB): peak = 3194.664 ; gain = 932.289 ; free physical = 256 ; free virtual = 2448
---------------------------------------------------------------------------------
Synthesis finished with 0 errors, 0 critical warnings and 13 warnings.
Synthesis Optimization Runtime : Time (s): cpu = 00:00:22 ; elapsed = 00:00:24 . Memory (MB): peak = 3194.707 ; gain = 827.746 ; free physical = 256 ; free virtual = 2448
Synthesis Optimization Complete : Time (s): cpu = 00:00:24 ; elapsed = 00:00:26 . Memory (MB): peak = 3194.719 ; gain = 932.332 ; free physical = 256 ; free virtual = 2449
INFO: [Project 1-571] Translating synthesized netlist
Netlist sorting complete. Time (s): cpu = 00:00:00.01 ; elapsed = 00:00:00 . Memory (MB): peak = 3194.766 ; gain = 0.000 ; free physical = 249 ; free virtual = 2443
INFO: [Netlist 29-17] Analyzing 42 Unisim elements for replacement
INFO: [Netlist 29-28] Unisim Transformation completed in 0 CPU seconds
INFO: [Project 1-570] Preparing netlist for logic optimization
INFO: [Opt 31-140] Inserted 1 IBUFs to IO ports without IO buffers.
INFO: [Opt 31-138] Pushed 0 inverter(s) to 0 load pin(s).
Netlist sorting complete. Time (s): cpu = 00:00:00 ; elapsed = 00:00:00 . Memory (MB): peak = 3254.129 ; gain = 0.000 ; free physical = 528 ; free virtual = 2727
INFO: [Project 1-111] Unisim Transformation Summary:
No Unisim elements were transformed.

Synth Design complete | Checksum: 9ca7991
INFO: [Common 17-83] Releasing license: Synthesis
52 Infos, 39 Warnings, 4 Critical Warnings and 0 Errors encountered.
synth_design completed successfully
synth_design: Time (s): cpu = 00:00:34 ; elapsed = 00:00:34 . Memory (MB): peak = 3256.176 ; gain = 1219.238 ; free physical = 525 ; free virtual = 2724
INFO: [Common 17-2834] synth_design peak Physical Memory [PSS] (MB): overall = 2364.108; main = 2126.805; forked = 530.563
INFO: [Common 17-2834] synth_design peak Virtual Memory [VSS] (MB): overall = 5107.336; main = 3254.207; forked = 2150.723
INFO: [runtcl-6] Synthesis results are not added to the cache due to CRITICAL_WARNING
Write ShapeDB Complete: Time (s): cpu = 00:00:00.02 ; elapsed = 00:00:00.03 . Memory (MB): peak = 3263.934 ; gain = 0.398 ; free physical = 532 ; free virtual = 2732
INFO: [Common 17-1381] The checkpoint '/home/user/ov7670_vga_system/ov7670_vga_system.runs/synth_1/top.dcp' has been generated.
INFO: [Vivado 12-24828] Executing command : report_utilization -file top_utilization_synth.rpt -pb top_utilization_synth.pb
INFO: [Common 17-206] Exiting Vivado at Thu May  7 20:41:11 2026...
