Copyright 1986-2022 Xilinx, Inc. All Rights Reserved. Copyright 2022-2025 Advanced Micro Devices, Inc. All Rights Reserved.
-----------------------------------------------------------------------------------------------------------------------------------------------
| Tool Version : Vivado v.2025.2 (lin64) Build 6299465 Fri Nov 14 12:34:56 MST 2025
| Date         : Thu May  7 20:42:08 2026
| Host         : docker-desktop running 64-bit Ubuntu"
VERSION_ID="22.04 22.04.5 LTS (Jammy Jellyfish)"
VERSION_CODENAME=jammy
| Command      : report_methodology -file top_methodology_drc_routed.rpt -pb top_methodology_drc_routed.pb -rpx top_methodology_drc_routed.rpx
| Design       : top
| Device       : xc7a35tcpg236-1
| Speed File   : -1
| Design State : Fully Routed
-----------------------------------------------------------------------------------------------------------------------------------------------

Report Methodology

Table of Contents
-----------------
1. REPORT SUMMARY
2. REPORT DETAILS

1. REPORT SUMMARY
-----------------
            Netlist: netlist
          Floorplan: design_1
      Design limits: <entire design considered>
             Max checks: <unlimited>
             Checks found: 37
+-----------+------------------+----------------------------------------------------+--------+
| Rule      | Severity         | Description                                        | Checks |
+-----------+------------------+----------------------------------------------------+--------+
| TIMING-4  | Critical Warning | Invalid primary clock redefinition on a clock tree | 1      |
| TIMING-6  | Critical Warning | No common primary clock between related clocks     | 2      |
| TIMING-7  | Critical Warning | No common node between related clocks              | 2      |
| TIMING-27 | Critical Warning | Invalid primary clock on hierarchical pin          | 1      |
| HPDR-1    | Warning          | Port pin direction inconsistency                   | 1      |
| TIMING-10 | Warning          | Missing property on synchronizer                   | 1      |
| TIMING-18 | Warning          | Missing input or output delay                      | 29     |
+-----------+------------------+----------------------------------------------------+--------+

2. REPORT DETAILS
-----------------
TIMING-4#1 Critical Warning
Invalid primary clock redefinition on a clock tree  
Invalid clock redefinition on a clock tree. The primary clock u_clk_wiz/inst/clk_in1 is defined downstream of clock sys_clk_100mhz and overrides its insertion delay and/or waveform definition
Related violations: <none>

TIMING-6#1 Critical Warning
No common primary clock between related clocks  
The clocks cam_pclk and clk_out1_clk_wiz_0 are related (timed together) but they have no common primary clock. The design could fail in hardware. To find a timing path between these clocks, run the following command: report_timing -from [get_clocks cam_pclk] -to [get_clocks clk_out1_clk_wiz_0]
Related violations: <none>

TIMING-6#2 Critical Warning
No common primary clock between related clocks  
The clocks sys_clk_100mhz and clk_out1_clk_wiz_0 are related (timed together) but they have no common primary clock. The design could fail in hardware. To find a timing path between these clocks, run the following command: report_timing -from [get_clocks sys_clk_100mhz] -to [get_clocks clk_out1_clk_wiz_0]
Related violations: <none>

TIMING-7#1 Critical Warning
No common node between related clocks  
The clocks cam_pclk and clk_out1_clk_wiz_0 are related (timed together) but they have no common node. The design could fail in hardware. To find a timing path between these clocks, run the following command: report_timing -from [get_clocks cam_pclk] -to [get_clocks clk_out1_clk_wiz_0]
Related violations: <none>

TIMING-7#2 Critical Warning
No common node between related clocks  
The clocks sys_clk_100mhz and clk_out1_clk_wiz_0 are related (timed together) but they have no common node. The design could fail in hardware. To find a timing path between these clocks, run the following command: report_timing -from [get_clocks sys_clk_100mhz] -to [get_clocks clk_out1_clk_wiz_0]
Related violations: <none>

TIMING-27#1 Critical Warning
Invalid primary clock on hierarchical pin  
A primary clock u_clk_wiz/inst/clk_in1 is created on an inappropriate internal pin u_clk_wiz/inst/clk_in1. It is not recommended to create a primary clock on a hierarchical pin when its driver pin has a fanout connected to multiple clock pins
Related violations: <none>

HPDR-1#1 Warning
Port pin direction inconsistency  
Hierarchical port(pin) cam_sda direction INOUT is not consistent with the directions of the cell pins/ports found at that level of the netlist hierarchy. Please review the design and consider changing the port(pin) direction. Both drivers and loads were expected for the net (cam_sda) connected to this Port, but both were not found.
Related violations: <none>

TIMING-10#1 Warning
Missing property on synchronizer  
One or more logic synchronizer has been detected between 2 clock domains but the synchronizer does not have the property ASYNC_REG defined on one or both registers. It is recommended to run report_cdc for a complete and detailed CDC coverage
Related violations: <none>

TIMING-18#1 Warning
Missing input or output delay  
An input delay is missing on cam_d[0] relative to the rising and/or falling clock edge(s) of cam_pclk.
Related violations: <none>

TIMING-18#2 Warning
Missing input or output delay  
An input delay is missing on cam_d[1] relative to the rising and/or falling clock edge(s) of cam_pclk.
Related violations: <none>

TIMING-18#3 Warning
Missing input or output delay  
An input delay is missing on cam_d[2] relative to the rising and/or falling clock edge(s) of cam_pclk.
Related violations: <none>

TIMING-18#4 Warning
Missing input or output delay  
An input delay is missing on cam_d[3] relative to the rising and/or falling clock edge(s) of cam_pclk.
Related violations: <none>

TIMING-18#5 Warning
Missing input or output delay  
An input delay is missing on cam_d[4] relative to the rising and/or falling clock edge(s) of cam_pclk.
Related violations: <none>

TIMING-18#6 Warning
Missing input or output delay  
An input delay is missing on cam_d[5] relative to the rising and/or falling clock edge(s) of cam_pclk.
Related violations: <none>

TIMING-18#7 Warning
Missing input or output delay  
An input delay is missing on cam_d[6] relative to the rising and/or falling clock edge(s) of cam_pclk.
Related violations: <none>

TIMING-18#8 Warning
Missing input or output delay  
An input delay is missing on cam_d[7] relative to the rising and/or falling clock edge(s) of cam_pclk.
Related violations: <none>

TIMING-18#9 Warning
Missing input or output delay  
An input delay is missing on cam_href relative to the rising and/or falling clock edge(s) of cam_pclk.
Related violations: <none>

TIMING-18#10 Warning
Missing input or output delay  
An input delay is missing on cam_vsync relative to the rising and/or falling clock edge(s) of cam_pclk.
Related violations: <none>

TIMING-18#11 Warning
Missing input or output delay  
An input delay is missing on rst relative to the rising and/or falling clock edge(s) of sys_clk_100mhz.
Related violations: <none>

TIMING-18#12 Warning
Missing input or output delay  
An input delay is missing on sw[0] relative to the rising and/or falling clock edge(s) of cam_pclk, sys_clk_100mhz.
Related violations: <none>

TIMING-18#13 Warning
Missing input or output delay  
An input delay is missing on sw[10] relative to the rising and/or falling clock edge(s) of cam_pclk, sys_clk_100mhz.
Related violations: <none>

TIMING-18#14 Warning
Missing input or output delay  
An input delay is missing on sw[11] relative to the rising and/or falling clock edge(s) of cam_pclk, sys_clk_100mhz.
Related violations: <none>

TIMING-18#15 Warning
Missing input or output delay  
An input delay is missing on sw[12] relative to the rising and/or falling clock edge(s) of cam_pclk, sys_clk_100mhz.
Related violations: <none>

TIMING-18#16 Warning
Missing input or output delay  
An input delay is missing on sw[13] relative to the rising and/or falling clock edge(s) of cam_pclk, sys_clk_100mhz.
Related violations: <none>

TIMING-18#17 Warning
Missing input or output delay  
An input delay is missing on sw[14] relative to the rising and/or falling clock edge(s) of cam_pclk, sys_clk_100mhz.
Related violations: <none>

TIMING-18#18 Warning
Missing input or output delay  
An input delay is missing on sw[15] relative to the rising and/or falling clock edge(s) of cam_pclk, sys_clk_100mhz.
Related violations: <none>

TIMING-18#19 Warning
Missing input or output delay  
An input delay is missing on sw[1] relative to the rising and/or falling clock edge(s) of cam_pclk, sys_clk_100mhz.
Related violations: <none>

TIMING-18#20 Warning
Missing input or output delay  
An input delay is missing on sw[2] relative to the rising and/or falling clock edge(s) of cam_pclk, sys_clk_100mhz.
Related violations: <none>

TIMING-18#21 Warning
Missing input or output delay  
An input delay is missing on sw[3] relative to the rising and/or falling clock edge(s) of cam_pclk, sys_clk_100mhz.
Related violations: <none>

TIMING-18#22 Warning
Missing input or output delay  
An input delay is missing on sw[4] relative to the rising and/or falling clock edge(s) of cam_pclk, sys_clk_100mhz.
Related violations: <none>

TIMING-18#23 Warning
Missing input or output delay  
An input delay is missing on sw[5] relative to the rising and/or falling clock edge(s) of cam_pclk, sys_clk_100mhz.
Related violations: <none>

TIMING-18#24 Warning
Missing input or output delay  
An input delay is missing on sw[6] relative to the rising and/or falling clock edge(s) of cam_pclk, sys_clk_100mhz.
Related violations: <none>

TIMING-18#25 Warning
Missing input or output delay  
An input delay is missing on sw[7] relative to the rising and/or falling clock edge(s) of cam_pclk, sys_clk_100mhz.
Related violations: <none>

TIMING-18#26 Warning
Missing input or output delay  
An input delay is missing on sw[8] relative to the rising and/or falling clock edge(s) of cam_pclk, sys_clk_100mhz.
Related violations: <none>

TIMING-18#27 Warning
Missing input or output delay  
An input delay is missing on sw[9] relative to the rising and/or falling clock edge(s) of cam_pclk, sys_clk_100mhz.
Related violations: <none>

TIMING-18#28 Warning
Missing input or output delay  
An output delay is missing on cam_scl relative to the rising and/or falling clock edge(s) of sys_clk_100mhz.
Related violations: <none>

TIMING-18#29 Warning
Missing input or output delay  
An output delay is missing on cam_sda relative to the rising and/or falling clock edge(s) of sys_clk_100mhz.
Related violations: <none>


